<?xml version="1.0" encoding="UTF-8"?>
<testng-results skipped="0" failed="0" total="1" passed="1">
  <reporter-output>
  </reporter-output>
  <suite name="Default suite" duration-ms="23144" started-at="2020-01-25T15:22:48Z" finished-at="2020-01-25T15:23:11Z">
    <groups>
    </groups>
    <test name="Default test" duration-ms="23144" started-at="2020-01-25T15:22:48Z" finished-at="2020-01-25T15:23:11Z">
      <class name="testcase.FlipkartHomePageTest">
        <test-method status="PASS" signature="preCondition()[pri:0, instance:testcase.FlipkartHomePageTest@1fa1d9b]" name="preCondition" is-config="true" duration-ms="14408" started-at="2020-01-25T20:52:48Z" finished-at="2020-01-25T20:53:02Z">
          <reporter-output>
          </reporter-output>
        </test-method> <!-- preCondition -->
        <test-method status="PASS" signature="flipkartHomePageTest()[pri:0, instance:testcase.FlipkartHomePageTest@1fa1d9b]" name="flipkartHomePageTest" duration-ms="6653" started-at="2020-01-25T20:53:02Z" finished-at="2020-01-25T20:53:09Z">
          <reporter-output>
          </reporter-output>
        </test-method> <!-- flipkartHomePageTest -->
        <test-method status="PASS" signature="postCondition()[pri:0, instance:testcase.FlipkartHomePageTest@1fa1d9b]" name="postCondition" is-config="true" duration-ms="2054" started-at="2020-01-25T20:53:09Z" finished-at="2020-01-25T20:53:11Z">
          <reporter-output>
          </reporter-output>
        </test-method> <!-- postCondition -->
      </class> <!-- testcase.FlipkartHomePageTest -->
    </test> <!-- Default test -->
  </suite> <!-- Default suite -->
</testng-results>
